#
# There is insufficient memory for the Java Runtime Environment to continue.
# Native memory allocation (malloc) failed to allocate 1315376 bytes for Chunk::new
# Possible reasons:
#   The system is out of physical RAM or swap space
#   The process is running with CompressedOops enabled, and the Java Heap may be blocking the growth of the native heap
# Possible solutions:
#   Reduce memory load on the system
#   Increase physical memory or swap space
#   Check if swap backing store is full
#   Decrease Java heap size (-Xmx/-Xms)
#   Decrease number of Java threads
#   Decrease Java thread stack sizes (-Xss)
#   Set larger code cache with -XX:ReservedCodeCacheSize=
#   JVM is running with Zero Based Compressed Oops mode in which the Java heap is
#     placed in the first 32GB address space. The Java Heap base address is the
#     maximum limit for the native heap growth. Please use -XX:HeapBaseMinAddress
#     to set the Java Heap base and to place the Java Heap above 32GB virtual address.
# This output file may be truncated or incomplete.
#
#  Out of Memory Error (./open/src/hotspot/share/memory/arena.cpp:197), pid=1984, tid=13304
#
# JRE version: Java(TM) SE Runtime Environment 18.9 (11.0.18+9) (build 11.0.18+9-LTS-195)
# Java VM: Java HotSpot(TM) 64-Bit Server VM 18.9 (11.0.18+9-LTS-195, mixed mode, tiered, compressed oops, g1 gc, windows-amd64)
# No core dump will be written. Minidumps are not enabled by default on client versions of Windows
#

---------------  S U M M A R Y ------------

Command Line: com.ternak.sapi.TernakSapiApplication

Host: AMD Athlon Silver 3050U with Radeon Graphics   , 2 cores, 9G,  Windows 10 , 64 bit Build 19041 (10.0.19041.3636)
Time: Thu Nov 30 09:37:29 2023 SE Asia Standard Time elapsed time: 159.969099 seconds (0d 0h 2m 39s)

---------------  T H R E A D  ---------------

Current thread (0x00000225b2963000):  JavaThread "C2 CompilerThread0" daemon [_thread_in_native, id=13304, stack(0x000000a986100000,0x000000a986200000)]


Current CompileTask:
C2: 159969 14698       4       org.springframework.web.cors.DefaultCorsProcessor::processRequest (163 bytes)

Stack: [0x000000a986100000,0x000000a986200000]
Native frames: (J=compiled Java code, j=interpreted, Vv=VM code, C=native code)
V  [jvm.dll+0x65d8aa]
V  [jvm.dll+0x79fc1f]
V  [jvm.dll+0x7a12e9]
V  [jvm.dll+0x7a1983]
V  [jvm.dll+0x2585b5]
V  [jvm.dll+0xb284c]
V  [jvm.dll+0xb2e0c]
V  [jvm.dll+0x365ddf]
V  [jvm.dll+0x32eb15]
V  [jvm.dll+0x32defa]
V  [jvm.dll+0x2113ad]
V  [jvm.dll+0x210378]
V  [jvm.dll+0x18c641]
V  [jvm.dll+0x220609]
V  [jvm.dll+0x21e92c]
V  [jvm.dll+0x763f61]
V  [jvm.dll+0x75c924]
V  [jvm.dll+0x65c755]
C  [ucrtbase.dll+0x21bb2]
C  [KERNEL32.DLL+0x17344]
C  [ntdll.dll+0x526b1]


---------------  P R O C E S S  ---------------

Threads class SMR info:
_java_thread_list=0x00000225b60f5f10, length=26, elements={
0x00000225b213e800, 0x00000225b2141000, 0x00000225b2157800, 0x00000225b2159800,
0x00000225b215c800, 0x00000225b2963000, 0x00000225b2968800, 0x00000225b296b800,
0x00000225b2b18000, 0x00000225b7f8a800, 0x00000225b67ff800, 0x00000225b2c57800,
0x00000225b5f15800, 0x00000225b7e26000, 0x00000225b6291000, 0x00000225b32c2800,
0x00000225b32c3000, 0x00000225b8339800, 0x00000225b833a000, 0x00000225b833c000,
0x00000225b833b000, 0x00000225b833c800, 0x00000225b8337000, 0x00000225b833d800,
0x00000225b8337800, 0x00000225b8338800
}

Java Threads: ( => current thread )
  0x00000225b213e800 JavaThread "Reference Handler" daemon [_thread_blocked, id=1540, stack(0x000000a985c00000,0x000000a985d00000)]
  0x00000225b2141000 JavaThread "Finalizer" daemon [_thread_blocked, id=7636, stack(0x000000a985d00000,0x000000a985e00000)]
  0x00000225b2157800 JavaThread "Signal Dispatcher" daemon [_thread_blocked, id=14212, stack(0x000000a985e00000,0x000000a985f00000)]
  0x00000225b2159800 JavaThread "Attach Listener" daemon [_thread_blocked, id=11960, stack(0x000000a985f00000,0x000000a986000000)]
  0x00000225b215c800 JavaThread "Service Thread" daemon [_thread_blocked, id=12852, stack(0x000000a986000000,0x000000a986100000)]
=>0x00000225b2963000 JavaThread "C2 CompilerThread0" daemon [_thread_in_native, id=13304, stack(0x000000a986100000,0x000000a986200000)]
  0x00000225b2968800 JavaThread "C1 CompilerThread0" daemon [_thread_blocked, id=5196, stack(0x000000a986200000,0x000000a986300000)]
  0x00000225b296b800 JavaThread "Sweeper thread" daemon [_thread_blocked, id=7752, stack(0x000000a986300000,0x000000a986400000)]
  0x00000225b2b18000 JavaThread "Common-Cleaner" daemon [_thread_blocked, id=6620, stack(0x000000a986500000,0x000000a986600000)]
  0x00000225b7f8a800 JavaThread "HikariPool-1 housekeeper" daemon [_thread_blocked, id=920, stack(0x000000a986800000,0x000000a986900000)]
  0x00000225b67ff800 JavaThread "Catalina-utility-1" [_thread_blocked, id=11188, stack(0x000000a986a00000,0x000000a986b00000)]
  0x00000225b2c57800 JavaThread "Catalina-utility-2" [_thread_blocked, id=14092, stack(0x000000a986b00000,0x000000a986c00000)]
  0x00000225b5f15800 JavaThread "container-0" [_thread_blocked, id=13612, stack(0x000000a986c00000,0x000000a986d00000)]
  0x00000225b7e26000 JavaThread "http-nio-8080-exec-1" daemon [_thread_blocked, id=12396, stack(0x000000a986d00000,0x000000a986e00000)]
  0x00000225b6291000 JavaThread "http-nio-8080-exec-2" daemon [_thread_in_native, id=1412, stack(0x000000a986e00000,0x000000a986f00000)]
  0x00000225b32c2800 JavaThread "http-nio-8080-exec-3" daemon [_thread_in_native, id=13488, stack(0x000000a986f00000,0x000000a987000000)]
  0x00000225b32c3000 JavaThread "http-nio-8080-exec-4" daemon [_thread_in_vm, id=12124, stack(0x000000a987000000,0x000000a987100000)]
  0x00000225b8339800 JavaThread "http-nio-8080-exec-5" daemon [_thread_blocked, id=11988, stack(0x000000a987100000,0x000000a987200000)]
  0x00000225b833a000 JavaThread "http-nio-8080-exec-6" daemon [_thread_blocked, id=7528, stack(0x000000a987200000,0x000000a987300000)]
  0x00000225b833c000 JavaThread "http-nio-8080-exec-7" daemon [_thread_blocked, id=232, stack(0x000000a987300000,0x000000a987400000)]
  0x00000225b833b000 JavaThread "http-nio-8080-exec-8" daemon [_thread_in_Java, id=14316, stack(0x000000a987400000,0x000000a987500000)]
  0x00000225b833c800 JavaThread "http-nio-8080-exec-9" daemon [_thread_blocked, id=11580, stack(0x000000a987500000,0x000000a987600000)]
  0x00000225b8337000 JavaThread "http-nio-8080-exec-10" daemon [_thread_blocked, id=60, stack(0x000000a987600000,0x000000a987700000)]
  0x00000225b833d800 JavaThread "http-nio-8080-Poller" daemon [_thread_in_native, id=4004, stack(0x000000a987700000,0x000000a987800000)]
  0x00000225b8337800 JavaThread "http-nio-8080-Acceptor" daemon [_thread_in_native, id=9112, stack(0x000000a987800000,0x000000a987900000)]
  0x00000225b8338800 JavaThread "DestroyJavaVM" [_thread_blocked, id=13280, stack(0x000000a985500000,0x000000a985600000)]

Other Threads:
  0x00000225b211b800 VMThread "VM Thread" [stack: 0x000000a985b00000,0x000000a985c00000] [id=13948]
  0x00000225b2b1f000 WatcherThread [stack: 0x000000a986400000,0x000000a986500000] [id=12952]
  0x00000225939fe800 GCTaskThread "GC Thread#0" [stack: 0x000000a985600000,0x000000a985700000] [id=12420]
  0x00000225b2d5e800 GCTaskThread "GC Thread#1" [stack: 0x000000a986600000,0x000000a986700000] [id=14168]
  0x0000022593a39000 ConcurrentGCThread "G1 Main Marker" [stack: 0x000000a985700000,0x000000a985800000] [id=11864]
  0x0000022593a3b800 ConcurrentGCThread "G1 Conc#0" [stack: 0x000000a985800000,0x000000a985900000] [id=11644]
  0x0000022593abd800 ConcurrentGCThread "G1 Refine#0" [stack: 0x000000a985900000,0x000000a985a00000] [id=12792]
  0x00000225b1f82800 ConcurrentGCThread "G1 Young RemSet Sampling" [stack: 0x000000a985a00000,0x000000a985b00000] [id=11660]

Threads with active compile tasks:
C2 CompilerThread0   160001 14698       4       org.springframework.web.cors.DefaultCorsProcessor::processRequest (163 bytes)

VM state:not at safepoint (normal execution)

VM Mutex/Monitor currently owned by a thread: None

Heap address: 0x0000000760e00000, size: 2546 MB, Compressed Oops mode: Zero based, Oop shift amount: 3
Narrow klass base: 0x0000000800000000, Narrow klass shift: 0
Compressed class space size: 1073741824 Address: 0x0000000800000000

Heap:
 garbage-first heap   total 236544K, used 97792K [0x0000000760e00000, 0x0000000800000000)
  region size 1024K, 72 young (73728K), 7 survivors (7168K)
 Metaspace       used 81080K, capacity 83132K, committed 83288K, reserved 1122304K
  class space    used 9704K, capacity 10518K, committed 10624K, reserved 1048576K
Heap Regions: E=young(eden), S=young(survivor), O=old, HS=humongous(starts), HC=humongous(continues), CS=collection set, F=free, A=archive, TAMS=top-at-mark-start (previous, next)
|   0|0x0000000760e00000, 0x0000000760f00000, 0x0000000760f00000|100%|HS|  |TAMS 0x0000000760f00000, 0x0000000760e00000| Complete 
|   1|0x0000000760f00000, 0x0000000761000000, 0x0000000761000000|100%| O|  |TAMS 0x0000000761000000, 0x0000000760f00000| Untracked 
|   2|0x0000000761000000, 0x0000000761100000, 0x0000000761100000|100%| O|  |TAMS 0x0000000761100000, 0x0000000761000000| Untracked 
|   3|0x0000000761100000, 0x0000000761200000, 0x0000000761200000|100%| O|  |TAMS 0x0000000761200000, 0x0000000761100000| Untracked 
|   4|0x0000000761200000, 0x0000000761300000, 0x0000000761300000|100%| O|  |TAMS 0x0000000761300000, 0x0000000761200000| Untracked 
|   5|0x0000000761300000, 0x0000000761400000, 0x0000000761400000|100%| O|  |TAMS 0x0000000761400000, 0x0000000761300000| Untracked 
|   6|0x0000000761400000, 0x0000000761500000, 0x0000000761500000|100%| O|  |TAMS 0x0000000761500000, 0x0000000761400000| Untracked 
|   7|0x0000000761500000, 0x0000000761600000, 0x0000000761600000|100%| O|  |TAMS 0x0000000761600000, 0x0000000761500000| Untracked 
|   8|0x0000000761600000, 0x0000000761700000, 0x0000000761700000|100%| O|  |TAMS 0x0000000761700000, 0x0000000761600000| Untracked 
|   9|0x0000000761700000, 0x0000000761800000, 0x0000000761800000|100%| O|  |TAMS 0x0000000761800000, 0x0000000761700000| Untracked 
|  10|0x0000000761800000, 0x0000000761900000, 0x0000000761900000|100%| O|  |TAMS 0x0000000761900000, 0x0000000761800000| Untracked 
|  11|0x0000000761900000, 0x0000000761a00000, 0x0000000761a00000|100%| O|  |TAMS 0x0000000761970000, 0x0000000761900000| Untracked 
|  12|0x0000000761a00000, 0x0000000761b00000, 0x0000000761b00000|100%| O|  |TAMS 0x0000000761a00000, 0x0000000761a00000| Untracked 
|  13|0x0000000761b00000, 0x0000000761c00000, 0x0000000761c00000|100%| O|  |TAMS 0x0000000761b00000, 0x0000000761b00000| Untracked 
|  14|0x0000000761c00000, 0x0000000761d00000, 0x0000000761d00000|100%| O|  |TAMS 0x0000000761c00000, 0x0000000761c00000| Untracked 
|  15|0x0000000761d00000, 0x0000000761e00000, 0x0000000761e00000|100%| O|  |TAMS 0x0000000761d00000, 0x0000000761d00000| Untracked 
|  16|0x0000000761e00000, 0x0000000761f00000, 0x0000000761f00000|100%| O|  |TAMS 0x0000000761e00000, 0x0000000761e00000| Untracked 
|  17|0x0000000761f00000, 0x0000000762000000, 0x0000000762000000|100%| O|  |TAMS 0x0000000761f00000, 0x0000000761f00000| Untracked 
|  18|0x0000000762000000, 0x0000000762100000, 0x0000000762100000|100%| O|  |TAMS 0x0000000762000000, 0x0000000762000000| Untracked 
|  19|0x0000000762100000, 0x0000000762200000, 0x0000000762200000|100%| O|  |TAMS 0x0000000762100000, 0x0000000762100000| Untracked 
|  20|0x0000000762200000, 0x0000000762300000, 0x0000000762300000|100%| O|  |TAMS 0x0000000762200000, 0x0000000762200000| Untracked 
|  21|0x0000000762300000, 0x0000000762400000, 0x0000000762400000|100%| O|  |TAMS 0x0000000762300000, 0x0000000762300000| Untracked 
|  22|0x0000000762400000, 0x0000000762500000, 0x0000000762500000|100%| O|  |TAMS 0x0000000762400000, 0x0000000762400000| Untracked 
|  23|0x0000000762500000, 0x0000000762600000, 0x0000000762600000|100%| O|  |TAMS 0x0000000762500000, 0x0000000762500000| Untracked 
|  24|0x0000000762600000, 0x0000000762700000, 0x0000000762700000|100%| O|  |TAMS 0x0000000762600000, 0x0000000762600000| Untracked 
|  25|0x0000000762700000, 0x0000000762800000, 0x0000000762800000|100%| O|  |TAMS 0x0000000762700000, 0x0000000762700000| Untracked 
|  26|0x0000000762800000, 0x0000000762800000, 0x0000000762900000|  0%| F|  |TAMS 0x0000000762800000, 0x0000000762800000| Untracked 
|  27|0x0000000762900000, 0x0000000762900000, 0x0000000762a00000|  0%| F|  |TAMS 0x0000000762900000, 0x0000000762900000| Untracked 
|  28|0x0000000762a00000, 0x0000000762a00000, 0x0000000762b00000|  0%| F|  |TAMS 0x0000000762a00000, 0x0000000762a00000| Untracked 
|  29|0x0000000762b00000, 0x0000000762b00000, 0x0000000762c00000|  0%| F|  |TAMS 0x0000000762b00000, 0x0000000762b00000| Untracked 
|  30|0x0000000762c00000, 0x0000000762c00000, 0x0000000762d00000|  0%| F|  |TAMS 0x0000000762c00000, 0x0000000762c00000| Untracked 
|  31|0x0000000762d00000, 0x0000000762d00000, 0x0000000762e00000|  0%| F|  |TAMS 0x0000000762d00000, 0x0000000762d00000| Untracked 
|  32|0x0000000762e00000, 0x0000000762e00000, 0x0000000762f00000|  0%| F|  |TAMS 0x0000000762e00000, 0x0000000762e00000| Untracked 
|  33|0x0000000762f00000, 0x0000000762f00000, 0x0000000763000000|  0%| F|  |TAMS 0x0000000762f00000, 0x0000000762f00000| Untracked 
|  34|0x0000000763000000, 0x0000000763000000, 0x0000000763100000|  0%| F|  |TAMS 0x0000000763000000, 0x0000000763000000| Untracked 
|  35|0x0000000763100000, 0x0000000763100000, 0x0000000763200000|  0%| F|  |TAMS 0x0000000763100000, 0x0000000763100000| Untracked 
|  36|0x0000000763200000, 0x0000000763200000, 0x0000000763300000|  0%| F|  |TAMS 0x0000000763200000, 0x0000000763200000| Untracked 
|  37|0x0000000763300000, 0x0000000763300000, 0x0000000763400000|  0%| F|  |TAMS 0x0000000763300000, 0x0000000763300000| Untracked 
|  38|0x0000000763400000, 0x0000000763400000, 0x0000000763500000|  0%| F|  |TAMS 0x0000000763400000, 0x0000000763400000| Untracked 
|  39|0x0000000763500000, 0x0000000763500000, 0x0000000763600000|  0%| F|  |TAMS 0x0000000763500000, 0x0000000763500000| Untracked 
|  40|0x0000000763600000, 0x0000000763600000, 0x0000000763700000|  0%| F|  |TAMS 0x0000000763600000, 0x0000000763600000| Untracked 
|  41|0x0000000763700000, 0x0000000763700000, 0x0000000763800000|  0%| F|  |TAMS 0x0000000763700000, 0x0000000763700000| Untracked 
|  42|0x0000000763800000, 0x0000000763800000, 0x0000000763900000|  0%| F|  |TAMS 0x0000000763800000, 0x0000000763800000| Untracked 
|  43|0x0000000763900000, 0x0000000763900000, 0x0000000763a00000|  0%| F|  |TAMS 0x0000000763900000, 0x0000000763900000| Untracked 
|  44|0x0000000763a00000, 0x0000000763a00000, 0x0000000763b00000|  0%| F|  |TAMS 0x0000000763a00000, 0x0000000763a00000| Untracked 
|  45|0x0000000763b00000, 0x0000000763b00000, 0x0000000763c00000|  0%| F|  |TAMS 0x0000000763b00000, 0x0000000763b00000| Untracked 
|  46|0x0000000763c00000, 0x0000000763c00000, 0x0000000763d00000|  0%| F|  |TAMS 0x0000000763c00000, 0x0000000763c00000| Untracked 
|  47|0x0000000763d00000, 0x0000000763d00000, 0x0000000763e00000|  0%| F|  |TAMS 0x0000000763d00000, 0x0000000763d00000| Untracked 
|  48|0x0000000763e00000, 0x0000000763e00000, 0x0000000763f00000|  0%| F|  |TAMS 0x0000000763e00000, 0x0000000763e00000| Untracked 
|  49|0x0000000763f00000, 0x0000000763f00000, 0x0000000764000000|  0%| F|  |TAMS 0x0000000763f00000, 0x0000000763f00000| Untracked 
|  50|0x0000000764000000, 0x0000000764000000, 0x0000000764100000|  0%| F|  |TAMS 0x0000000764000000, 0x0000000764000000| Untracked 
|  51|0x0000000764100000, 0x0000000764100000, 0x0000000764200000|  0%| F|  |TAMS 0x0000000764100000, 0x0000000764100000| Untracked 
|  52|0x0000000764200000, 0x0000000764200000, 0x0000000764300000|  0%| F|  |TAMS 0x0000000764200000, 0x0000000764200000| Untracked 
|  53|0x0000000764300000, 0x0000000764300000, 0x0000000764400000|  0%| F|  |TAMS 0x0000000764300000, 0x0000000764300000| Untracked 
|  54|0x0000000764400000, 0x0000000764400000, 0x0000000764500000|  0%| F|  |TAMS 0x0000000764400000, 0x0000000764400000| Untracked 
|  55|0x0000000764500000, 0x0000000764500000, 0x0000000764600000|  0%| F|  |TAMS 0x0000000764500000, 0x0000000764500000| Untracked 
|  56|0x0000000764600000, 0x0000000764600000, 0x0000000764700000|  0%| F|  |TAMS 0x0000000764600000, 0x0000000764600000| Untracked 
|  57|0x0000000764700000, 0x0000000764700000, 0x0000000764800000|  0%| F|  |TAMS 0x0000000764700000, 0x0000000764700000| Untracked 
|  58|0x0000000764800000, 0x0000000764800000, 0x0000000764900000|  0%| F|  |TAMS 0x0000000764800000, 0x0000000764800000| Untracked 
|  59|0x0000000764900000, 0x0000000764900000, 0x0000000764a00000|  0%| F|  |TAMS 0x0000000764900000, 0x0000000764900000| Untracked 
|  60|0x0000000764a00000, 0x0000000764a00000, 0x0000000764b00000|  0%| F|  |TAMS 0x0000000764a00000, 0x0000000764a00000| Untracked 
|  61|0x0000000764b00000, 0x0000000764b00000, 0x0000000764c00000|  0%| F|  |TAMS 0x0000000764b00000, 0x0000000764b00000| Untracked 
|  62|0x0000000764c00000, 0x0000000764c00000, 0x0000000764d00000|  0%| F|  |TAMS 0x0000000764c00000, 0x0000000764c00000| Untracked 
|  63|0x0000000764d00000, 0x0000000764d00000, 0x0000000764e00000|  0%| F|  |TAMS 0x0000000764d00000, 0x0000000764d00000| Untracked 
|  64|0x0000000764e00000, 0x0000000764e00000, 0x0000000764f00000|  0%| F|  |TAMS 0x0000000764e00000, 0x0000000764e00000| Untracked 
|  65|0x0000000764f00000, 0x0000000764f00000, 0x0000000765000000|  0%| F|  |TAMS 0x0000000764f00000, 0x0000000764f00000| Untracked 
|  66|0x0000000765000000, 0x0000000765000000, 0x0000000765100000|  0%| F|  |TAMS 0x0000000765000000, 0x0000000765000000| Untracked 
|  67|0x0000000765100000, 0x0000000765100000, 0x0000000765200000|  0%| F|  |TAMS 0x0000000765100000, 0x0000000765100000| Untracked 
|  68|0x0000000765200000, 0x0000000765200000, 0x0000000765300000|  0%| F|  |TAMS 0x0000000765200000, 0x0000000765200000| Untracked 
|  69|0x0000000765300000, 0x0000000765300000, 0x0000000765400000|  0%| F|  |TAMS 0x0000000765300000, 0x0000000765300000| Untracked 
|  70|0x0000000765400000, 0x0000000765400000, 0x0000000765500000|  0%| F|  |TAMS 0x0000000765400000, 0x0000000765400000| Untracked 
|  71|0x0000000765500000, 0x0000000765500000, 0x0000000765600000|  0%| F|  |TAMS 0x0000000765500000, 0x0000000765500000| Untracked 
|  72|0x0000000765600000, 0x0000000765600000, 0x0000000765700000|  0%| F|  |TAMS 0x0000000765600000, 0x0000000765600000| Untracked 
|  73|0x0000000765700000, 0x0000000765700000, 0x0000000765800000|  0%| F|  |TAMS 0x0000000765700000, 0x0000000765700000| Untracked 
|  74|0x0000000765800000, 0x0000000765800000, 0x0000000765900000|  0%| F|  |TAMS 0x0000000765800000, 0x0000000765800000| Untracked 
|  75|0x0000000765900000, 0x0000000765900000, 0x0000000765a00000|  0%| F|  |TAMS 0x0000000765900000, 0x0000000765900000| Untracked 
|  76|0x0000000765a00000, 0x0000000765a00000, 0x0000000765b00000|  0%| F|  |TAMS 0x0000000765a00000, 0x0000000765a00000| Untracked 
|  77|0x0000000765b00000, 0x0000000765b00000, 0x0000000765c00000|  0%| F|  |TAMS 0x0000000765b00000, 0x0000000765b00000| Untracked 
|  78|0x0000000765c00000, 0x0000000765c00000, 0x0000000765d00000|  0%| F|  |TAMS 0x0000000765c00000, 0x0000000765c00000| Untracked 
|  79|0x0000000765d00000, 0x0000000765d00000, 0x0000000765e00000|  0%| F|  |TAMS 0x0000000765d00000, 0x0000000765d00000| Untracked 
|  80|0x0000000765e00000, 0x0000000765e00000, 0x0000000765f00000|  0%| F|  |TAMS 0x0000000765e00000, 0x0000000765e00000| Untracked 
|  81|0x0000000765f00000, 0x0000000765f00000, 0x0000000766000000|  0%| F|  |TAMS 0x0000000765f00000, 0x0000000765f00000| Untracked 
|  82|0x0000000766000000, 0x0000000766000000, 0x0000000766100000|  0%| F|  |TAMS 0x0000000766000000, 0x0000000766000000| Untracked 
|  83|0x0000000766100000, 0x0000000766100000, 0x0000000766200000|  0%| F|  |TAMS 0x0000000766100000, 0x0000000766100000| Untracked 
|  84|0x0000000766200000, 0x0000000766200000, 0x0000000766300000|  0%| F|  |TAMS 0x0000000766200000, 0x0000000766200000| Untracked 
|  85|0x0000000766300000, 0x0000000766300000, 0x0000000766400000|  0%| F|  |TAMS 0x0000000766300000, 0x0000000766300000| Untracked 
|  86|0x0000000766400000, 0x0000000766400000, 0x0000000766500000|  0%| F|  |TAMS 0x0000000766400000, 0x0000000766400000| Untracked 
|  87|0x0000000766500000, 0x0000000766500000, 0x0000000766600000|  0%| F|  |TAMS 0x0000000766500000, 0x0000000766500000| Untracked 
|  88|0x0000000766600000, 0x0000000766600000, 0x0000000766700000|  0%| F|  |TAMS 0x0000000766600000, 0x0000000766600000| Untracked 
|  89|0x0000000766700000, 0x0000000766700000, 0x0000000766800000|  0%| F|  |TAMS 0x0000000766700000, 0x0000000766700000| Untracked 
|  90|0x0000000766800000, 0x0000000766800000, 0x0000000766900000|  0%| F|  |TAMS 0x0000000766800000, 0x0000000766800000| Untracked 
|  91|0x0000000766900000, 0x0000000766900000, 0x0000000766a00000|  0%| F|  |TAMS 0x0000000766900000, 0x0000000766900000| Untracked 
|  92|0x0000000766a00000, 0x0000000766a00000, 0x0000000766b00000|  0%| F|  |TAMS 0x0000000766a00000, 0x0000000766a00000| Untracked 
|  93|0x0000000766b00000, 0x0000000766b80000, 0x0000000766c00000| 50%| S|CS|TAMS 0x0000000766b00000, 0x0000000766b00000| Complete 
|  94|0x0000000766c00000, 0x0000000766d00000, 0x0000000766d00000|100%| S|CS|TAMS 0x0000000766c00000, 0x0000000766c00000| Complete 
|  95|0x0000000766d00000, 0x0000000766e00000, 0x0000000766e00000|100%| S|CS|TAMS 0x0000000766d00000, 0x0000000766d00000| Complete 
|  96|0x0000000766e00000, 0x0000000766f00000, 0x0000000766f00000|100%| S|CS|TAMS 0x0000000766e00000, 0x0000000766e00000| Complete 
|  97|0x0000000766f00000, 0x0000000767000000, 0x0000000767000000|100%| S|CS|TAMS 0x0000000766f00000, 0x0000000766f00000| Complete 
|  98|0x0000000767000000, 0x0000000767100000, 0x0000000767100000|100%| S|CS|TAMS 0x0000000767000000, 0x0000000767000000| Complete 
|  99|0x0000000767100000, 0x0000000767200000, 0x0000000767200000|100%| S|CS|TAMS 0x0000000767100000, 0x0000000767100000| Complete 
| 100|0x0000000767200000, 0x0000000767200000, 0x0000000767300000|  0%| F|  |TAMS 0x0000000767200000, 0x0000000767200000| Untracked 
| 101|0x0000000767300000, 0x0000000767300000, 0x0000000767400000|  0%| F|  |TAMS 0x0000000767300000, 0x0000000767300000| Untracked 
| 102|0x0000000767400000, 0x0000000767400000, 0x0000000767500000|  0%| F|  |TAMS 0x0000000767400000, 0x0000000767400000| Untracked 
| 103|0x0000000767500000, 0x0000000767500000, 0x0000000767600000|  0%| F|  |TAMS 0x0000000767500000, 0x0000000767500000| Untracked 
| 104|0x0000000767600000, 0x0000000767600000, 0x0000000767700000|  0%| F|  |TAMS 0x0000000767600000, 0x0000000767600000| Untracked 
| 105|0x0000000767700000, 0x0000000767700000, 0x0000000767800000|  0%| F|  |TAMS 0x0000000767700000, 0x0000000767700000| Untracked 
| 106|0x0000000767800000, 0x0000000767800000, 0x0000000767900000|  0%| F|  |TAMS 0x0000000767800000, 0x0000000767800000| Untracked 
| 107|0x0000000767900000, 0x0000000767900000, 0x0000000767a00000|  0%| F|  |TAMS 0x0000000767900000, 0x0000000767900000| Untracked 
| 108|0x0000000767a00000, 0x0000000767a00000, 0x0000000767b00000|  0%| F|  |TAMS 0x0000000767a00000, 0x0000000767a00000| Untracked 
| 109|0x0000000767b00000, 0x0000000767b00000, 0x0000000767c00000|  0%| F|  |TAMS 0x0000000767b00000, 0x0000000767b00000| Untracked 
| 110|0x0000000767c00000, 0x0000000767c00000, 0x0000000767d00000|  0%| F|  |TAMS 0x0000000767c00000, 0x0000000767c00000| Untracked 
| 111|0x0000000767d00000, 0x0000000767d00000, 0x0000000767e00000|  0%| F|  |TAMS 0x0000000767d00000, 0x0000000767d00000| Untracked 
| 112|0x0000000767e00000, 0x0000000767e00000, 0x0000000767f00000|  0%| F|  |TAMS 0x0000000767e00000, 0x0000000767e00000| Untracked 
| 113|0x0000000767f00000, 0x0000000767f00000, 0x0000000768000000|  0%| F|  |TAMS 0x0000000767f00000, 0x0000000767f00000| Untracked 
| 114|0x0000000768000000, 0x0000000768000000, 0x0000000768100000|  0%| F|  |TAMS 0x0000000768000000, 0x0000000768000000| Untracked 
| 115|0x0000000768100000, 0x0000000768100000, 0x0000000768200000|  0%| F|  |TAMS 0x0000000768100000, 0x0000000768100000| Untracked 
| 116|0x0000000768200000, 0x0000000768200000, 0x0000000768300000|  0%| F|  |TAMS 0x0000000768200000, 0x0000000768200000| Untracked 
| 117|0x0000000768300000, 0x0000000768300000, 0x0000000768400000|  0%| F|  |TAMS 0x0000000768300000, 0x0000000768300000| Untracked 
| 118|0x0000000768400000, 0x0000000768400000, 0x0000000768500000|  0%| F|  |TAMS 0x0000000768400000, 0x0000000768400000| Untracked 
| 119|0x0000000768500000, 0x0000000768500000, 0x0000000768600000|  0%| F|  |TAMS 0x0000000768500000, 0x0000000768500000| Untracked 
| 120|0x0000000768600000, 0x0000000768600000, 0x0000000768700000|  0%| F|  |TAMS 0x0000000768600000, 0x0000000768600000| Untracked 
| 121|0x0000000768700000, 0x0000000768700000, 0x0000000768800000|  0%| F|  |TAMS 0x0000000768700000, 0x0000000768700000| Untracked 
| 122|0x0000000768800000, 0x0000000768800000, 0x0000000768900000|  0%| F|  |TAMS 0x0000000768800000, 0x0000000768800000| Untracked 
| 123|0x0000000768900000, 0x0000000768900000, 0x0000000768a00000|  0%| F|  |TAMS 0x0000000768900000, 0x0000000768900000| Untracked 
| 124|0x0000000768a00000, 0x0000000768a00000, 0x0000000768b00000|  0%| F|  |TAMS 0x0000000768a00000, 0x0000000768a00000| Untracked 
| 125|0x0000000768b00000, 0x0000000768b00000, 0x0000000768c00000|  0%| F|  |TAMS 0x0000000768b00000, 0x0000000768b00000| Untracked 
| 126|0x0000000768c00000, 0x0000000768c00000, 0x0000000768d00000|  0%| F|  |TAMS 0x0000000768c00000, 0x0000000768c00000| Untracked 
| 127|0x0000000768d00000, 0x0000000768d00000, 0x0000000768e00000|  0%| F|  |TAMS 0x0000000768d00000, 0x0000000768d00000| Untracked 
| 128|0x0000000768e00000, 0x0000000768e00000, 0x0000000768f00000|  0%| F|  |TAMS 0x0000000768e00000, 0x0000000768e00000| Untracked 
| 129|0x0000000768f00000, 0x0000000768f00000, 0x0000000769000000|  0%| F|  |TAMS 0x0000000768f00000, 0x0000000768f00000| Untracked 
| 130|0x0000000769000000, 0x0000000769000000, 0x0000000769100000|  0%| F|  |TAMS 0x0000000769000000, 0x0000000769000000| Untracked 
| 131|0x0000000769100000, 0x0000000769100000, 0x0000000769200000|  0%| F|  |TAMS 0x0000000769100000, 0x0000000769100000| Untracked 
| 132|0x0000000769200000, 0x0000000769200000, 0x0000000769300000|  0%| F|  |TAMS 0x0000000769200000, 0x0000000769200000| Untracked 
| 133|0x0000000769300000, 0x0000000769300000, 0x0000000769400000|  0%| F|  |TAMS 0x0000000769300000, 0x0000000769300000| Untracked 
| 134|0x0000000769400000, 0x0000000769400000, 0x0000000769500000|  0%| F|  |TAMS 0x0000000769400000, 0x0000000769400000| Untracked 
| 135|0x0000000769500000, 0x0000000769500000, 0x0000000769600000|  0%| F|  |TAMS 0x0000000769500000, 0x0000000769500000| Untracked 
| 136|0x0000000769600000, 0x0000000769600000, 0x0000000769700000|  0%| F|  |TAMS 0x0000000769600000, 0x0000000769600000| Untracked 
| 137|0x0000000769700000, 0x0000000769700000, 0x0000000769800000|  0%| F|  |TAMS 0x0000000769700000, 0x0000000769700000| Untracked 
| 138|0x0000000769800000, 0x0000000769800000, 0x0000000769900000|  0%| F|  |TAMS 0x0000000769800000, 0x0000000769800000| Untracked 
| 139|0x0000000769900000, 0x0000000769900000, 0x0000000769a00000|  0%| F|  |TAMS 0x0000000769900000, 0x0000000769900000| Untracked 
| 140|0x0000000769a00000, 0x0000000769a00000, 0x0000000769b00000|  0%| F|  |TAMS 0x0000000769a00000, 0x0000000769a00000| Untracked 
| 141|0x0000000769b00000, 0x0000000769b00000, 0x0000000769c00000|  0%| F|  |TAMS 0x0000000769b00000, 0x0000000769b00000| Untracked 
| 142|0x0000000769c00000, 0x0000000769c00000, 0x0000000769d00000|  0%| F|  |TAMS 0x0000000769c00000, 0x0000000769c00000| Untracked 
| 143|0x0000000769d00000, 0x0000000769d00000, 0x0000000769e00000|  0%| F|  |TAMS 0x0000000769d00000, 0x0000000769d00000| Untracked 
| 144|0x0000000769e00000, 0x0000000769e00000, 0x0000000769f00000|  0%| F|  |TAMS 0x0000000769e00000, 0x0000000769e00000| Untracked 
| 145|0x0000000769f00000, 0x0000000769f00000, 0x000000076a000000|  0%| F|  |TAMS 0x0000000769f00000, 0x0000000769f00000| Untracked 
| 146|0x000000076a000000, 0x000000076a000000, 0x000000076a100000|  0%| F|  |TAMS 0x000000076a000000, 0x000000076a000000| Untracked 
| 147|0x000000076a100000, 0x000000076a100000, 0x000000076a200000|  0%| F|  |TAMS 0x000000076a100000, 0x000000076a100000| Untracked 
| 148|0x000000076a200000, 0x000000076a200000, 0x000000076a300000|  0%| F|  |TAMS 0x000000076a200000, 0x000000076a200000| Untracked 
| 149|0x000000076a300000, 0x000000076a300000, 0x000000076a400000|  0%| F|  |TAMS 0x000000076a300000, 0x000000076a300000| Untracked 
| 150|0x000000076a400000, 0x000000076a400000, 0x000000076a500000|  0%| F|  |TAMS 0x000000076a400000, 0x000000076a400000| Untracked 
| 151|0x000000076a500000, 0x000000076a500000, 0x000000076a600000|  0%| F|  |TAMS 0x000000076a500000, 0x000000076a500000| Untracked 
| 152|0x000000076a600000, 0x000000076a600000, 0x000000076a700000|  0%| F|  |TAMS 0x000000076a600000, 0x000000076a600000| Untracked 
| 153|0x000000076a700000, 0x000000076a700000, 0x000000076a800000|  0%| F|  |TAMS 0x000000076a700000, 0x000000076a700000| Untracked 
| 154|0x000000076a800000, 0x000000076a800000, 0x000000076a900000|  0%| F|  |TAMS 0x000000076a800000, 0x000000076a800000| Untracked 
| 155|0x000000076a900000, 0x000000076a900000, 0x000000076aa00000|  0%| F|  |TAMS 0x000000076a900000, 0x000000076a900000| Untracked 
| 156|0x000000076aa00000, 0x000000076aa00000, 0x000000076ab00000|  0%| F|  |TAMS 0x000000076aa00000, 0x000000076aa00000| Untracked 
| 157|0x000000076ab00000, 0x000000076ab00000, 0x000000076ac00000|  0%| F|  |TAMS 0x000000076ab00000, 0x000000076ab00000| Untracked 
| 158|0x000000076ac00000, 0x000000076ac00000, 0x000000076ad00000|  0%| F|  |TAMS 0x000000076ac00000, 0x000000076ac00000| Untracked 
| 159|0x000000076ad00000, 0x000000076ad00000, 0x000000076ae00000|  0%| F|  |TAMS 0x000000076ad00000, 0x000000076ad00000| Untracked 
| 160|0x000000076ae00000, 0x000000076ae00000, 0x000000076af00000|  0%| F|  |TAMS 0x000000076ae00000, 0x000000076ae00000| Untracked 
| 161|0x000000076af00000, 0x000000076af00000, 0x000000076b000000|  0%| F|  |TAMS 0x000000076af00000, 0x000000076af00000| Untracked 
| 162|0x000000076b000000, 0x000000076b000000, 0x000000076b100000|  0%| F|  |TAMS 0x000000076b000000, 0x000000076b000000| Untracked 
| 163|0x000000076b100000, 0x000000076b100000, 0x000000076b200000|  0%| F|  |TAMS 0x000000076b100000, 0x000000076b100000| Untracked 
| 164|0x000000076b200000, 0x000000076b200000, 0x000000076b300000|  0%| F|  |TAMS 0x000000076b200000, 0x000000076b200000| Untracked 
| 165|0x000000076b300000, 0x000000076b37ed50, 0x000000076b400000| 49%| E|  |TAMS 0x000000076b300000, 0x000000076b300000| Complete 
| 166|0x000000076b400000, 0x000000076b500000, 0x000000076b500000|100%| E|CS|TAMS 0x000000076b400000, 0x000000076b400000| Complete 
| 167|0x000000076b500000, 0x000000076b600000, 0x000000076b600000|100%| E|CS|TAMS 0x000000076b500000, 0x000000076b500000| Complete 
| 168|0x000000076b600000, 0x000000076b700000, 0x000000076b700000|100%| E|CS|TAMS 0x000000076b600000, 0x000000076b600000| Complete 
| 169|0x000000076b700000, 0x000000076b800000, 0x000000076b800000|100%| E|CS|TAMS 0x000000076b700000, 0x000000076b700000| Complete 
| 170|0x000000076b800000, 0x000000076b900000, 0x000000076b900000|100%| E|CS|TAMS 0x000000076b800000, 0x000000076b800000| Complete 
| 171|0x000000076b900000, 0x000000076ba00000, 0x000000076ba00000|100%| E|CS|TAMS 0x000000076b900000, 0x000000076b900000| Complete 
| 172|0x000000076ba00000, 0x000000076bb00000, 0x000000076bb00000|100%| E|CS|TAMS 0x000000076ba00000, 0x000000076ba00000| Complete 
| 173|0x000000076bb00000, 0x000000076bc00000, 0x000000076bc00000|100%| E|CS|TAMS 0x000000076bb00000, 0x000000076bb00000| Complete 
| 174|0x000000076bc00000, 0x000000076bd00000, 0x000000076bd00000|100%| E|CS|TAMS 0x000000076bc00000, 0x000000076bc00000| Complete 
| 175|0x000000076bd00000, 0x000000076be00000, 0x000000076be00000|100%| E|CS|TAMS 0x000000076bd00000, 0x000000076bd00000| Complete 
| 176|0x000000076be00000, 0x000000076bf00000, 0x000000076bf00000|100%| E|CS|TAMS 0x000000076be00000, 0x000000076be00000| Complete 
| 177|0x000000076bf00000, 0x000000076c000000, 0x000000076c000000|100%| E|CS|TAMS 0x000000076bf00000, 0x000000076bf00000| Complete 
| 178|0x000000076c000000, 0x000000076c100000, 0x000000076c100000|100%| E|CS|TAMS 0x000000076c000000, 0x000000076c000000| Complete 
| 179|0x000000076c100000, 0x000000076c200000, 0x000000076c200000|100%| E|CS|TAMS 0x000000076c100000, 0x000000076c100000| Complete 
| 180|0x000000076c200000, 0x000000076c300000, 0x000000076c300000|100%| E|CS|TAMS 0x000000076c200000, 0x000000076c200000| Complete 
| 181|0x000000076c300000, 0x000000076c400000, 0x000000076c400000|100%| E|CS|TAMS 0x000000076c300000, 0x000000076c300000| Complete 
| 182|0x000000076c400000, 0x000000076c500000, 0x000000076c500000|100%| E|CS|TAMS 0x000000076c400000, 0x000000076c400000| Complete 
| 183|0x000000076c500000, 0x000000076c600000, 0x000000076c600000|100%| E|CS|TAMS 0x000000076c500000, 0x000000076c500000| Complete 
| 184|0x000000076c600000, 0x000000076c700000, 0x000000076c700000|100%| E|CS|TAMS 0x000000076c600000, 0x000000076c600000| Complete 
| 185|0x000000076c700000, 0x000000076c800000, 0x000000076c800000|100%| E|CS|TAMS 0x000000076c700000, 0x000000076c700000| Complete 
| 186|0x000000076c800000, 0x000000076c900000, 0x000000076c900000|100%| E|CS|TAMS 0x000000076c800000, 0x000000076c800000| Complete 
| 187|0x000000076c900000, 0x000000076ca00000, 0x000000076ca00000|100%| E|CS|TAMS 0x000000076c900000, 0x000000076c900000| Complete 
| 188|0x000000076ca00000, 0x000000076cb00000, 0x000000076cb00000|100%| E|CS|TAMS 0x000000076ca00000, 0x000000076ca00000| Complete 
| 189|0x000000076cb00000, 0x000000076cc00000, 0x000000076cc00000|100%| E|CS|TAMS 0x000000076cb00000, 0x000000076cb00000| Complete 
| 190|0x000000076cc00000, 0x000000076cd00000, 0x000000076cd00000|100%| E|CS|TAMS 0x000000076cc00000, 0x000000076cc00000| Complete 
| 191|0x000000076cd00000, 0x000000076ce00000, 0x000000076ce00000|100%| E|CS|TAMS 0x000000076cd00000, 0x000000076cd00000| Complete 
| 192|0x000000076ce00000, 0x000000076cf00000, 0x000000076cf00000|100%| E|CS|TAMS 0x000000076ce00000, 0x000000076ce00000| Complete 
| 193|0x000000076cf00000, 0x000000076d000000, 0x000000076d000000|100%| E|CS|TAMS 0x000000076cf00000, 0x000000076cf00000| Complete 
| 194|0x000000076d000000, 0x000000076d100000, 0x000000076d100000|100%| E|CS|TAMS 0x000000076d000000, 0x000000076d000000| Complete 
| 195|0x000000076d100000, 0x000000076d200000, 0x000000076d200000|100%| E|CS|TAMS 0x000000076d100000, 0x000000076d100000| Complete 
| 196|0x000000076d200000, 0x000000076d300000, 0x000000076d300000|100%| E|CS|TAMS 0x000000076d200000, 0x000000076d200000| Complete 
| 197|0x000000076d300000, 0x000000076d400000, 0x000000076d400000|100%| E|CS|TAMS 0x000000076d300000, 0x000000076d300000| Complete 
| 198|0x000000076d400000, 0x000000076d500000, 0x000000076d500000|100%| E|CS|TAMS 0x000000076d400000, 0x000000076d400000| Complete 
| 199|0x000000076d500000, 0x000000076d600000, 0x000000076d600000|100%| E|CS|TAMS 0x000000076d500000, 0x000000076d500000| Complete 
| 200|0x000000076d600000, 0x000000076d700000, 0x000000076d700000|100%| E|CS|TAMS 0x000000076d600000, 0x000000076d600000| Complete 
| 201|0x000000076d700000, 0x000000076d800000, 0x000000076d800000|100%| E|CS|TAMS 0x000000076d700000, 0x000000076d700000| Complete 
| 202|0x000000076d800000, 0x000000076d900000, 0x000000076d900000|100%| E|CS|TAMS 0x000000076d800000, 0x000000076d800000| Complete 
| 203|0x000000076d900000, 0x000000076da00000, 0x000000076da00000|100%| E|CS|TAMS 0x000000076d900000, 0x000000076d900000| Complete 
| 204|0x000000076da00000, 0x000000076daffd68, 0x000000076db00000| 99%| E|  |TAMS 0x000000076da00000, 0x000000076da00000| Complete 
| 205|0x000000076db00000, 0x000000076dc00000, 0x000000076dc00000|100%| E|CS|TAMS 0x000000076db00000, 0x000000076db00000| Complete 
| 206|0x000000076dc00000, 0x000000076dd00000, 0x000000076dd00000|100%| E|CS|TAMS 0x000000076dc00000, 0x000000076dc00000| Complete 
| 207|0x000000076dd00000, 0x000000076de00000, 0x000000076de00000|100%| E|CS|TAMS 0x000000076dd00000, 0x000000076dd00000| Complete 
| 208|0x000000076de00000, 0x000000076df00000, 0x000000076df00000|100%| E|CS|TAMS 0x000000076de00000, 0x000000076de00000| Complete 
| 209|0x000000076df00000, 0x000000076e000000, 0x000000076e000000|100%| E|CS|TAMS 0x000000076df00000, 0x000000076df00000| Complete 
| 210|0x000000076e000000, 0x000000076e100000, 0x000000076e100000|100%| E|CS|TAMS 0x000000076e000000, 0x000000076e000000| Complete 
| 211|0x000000076e100000, 0x000000076e200000, 0x000000076e200000|100%| E|CS|TAMS 0x000000076e100000, 0x000000076e100000| Complete 
| 212|0x000000076e200000, 0x000000076e300000, 0x000000076e300000|100%| E|CS|TAMS 0x000000076e200000, 0x000000076e200000| Complete 
| 213|0x000000076e300000, 0x000000076e400000, 0x000000076e400000|100%| E|CS|TAMS 0x000000076e300000, 0x000000076e300000| Complete 
| 214|0x000000076e400000, 0x000000076e500000, 0x000000076e500000|100%| E|CS|TAMS 0x000000076e400000, 0x000000076e400000| Complete 
| 215|0x000000076e500000, 0x000000076e600000, 0x000000076e600000|100%| E|CS|TAMS 0x000000076e500000, 0x000000076e500000| Complete 
| 216|0x000000076e600000, 0x000000076e700000, 0x000000076e700000|100%| E|CS|TAMS 0x000000076e600000, 0x000000076e600000| Complete 
| 217|0x000000076e700000, 0x000000076e800000, 0x000000076e800000|100%| E|CS|TAMS 0x000000076e700000, 0x000000076e700000| Complete 
| 218|0x000000076e800000, 0x000000076e900000, 0x000000076e900000|100%| E|CS|TAMS 0x000000076e800000, 0x000000076e800000| Complete 
| 219|0x000000076e900000, 0x000000076ea00000, 0x000000076ea00000|100%| E|CS|TAMS 0x000000076e900000, 0x000000076e900000| Complete 
| 220|0x000000076ea00000, 0x000000076eb00000, 0x000000076eb00000|100%| E|CS|TAMS 0x000000076ea00000, 0x000000076ea00000| Complete 
| 221|0x000000076eb00000, 0x000000076ec00000, 0x000000076ec00000|100%| E|CS|TAMS 0x000000076eb00000, 0x000000076eb00000| Complete 
| 222|0x000000076ec00000, 0x000000076ed00000, 0x000000076ed00000|100%| E|CS|TAMS 0x000000076ec00000, 0x000000076ec00000| Complete 
| 223|0x000000076ed00000, 0x000000076ee00000, 0x000000076ee00000|100%| E|CS|TAMS 0x000000076ed00000, 0x000000076ed00000| Complete 
| 224|0x000000076ee00000, 0x000000076ef00000, 0x000000076ef00000|100%| E|CS|TAMS 0x000000076ee00000, 0x000000076ee00000| Complete 
| 225|0x000000076ef00000, 0x000000076f000000, 0x000000076f000000|100%| E|CS|TAMS 0x000000076ef00000, 0x000000076ef00000| Complete 
| 226|0x000000076f000000, 0x000000076f100000, 0x000000076f100000|100%| E|CS|TAMS 0x000000076f000000, 0x000000076f000000| Complete 
| 227|0x000000076f100000, 0x000000076f200000, 0x000000076f200000|100%| E|CS|TAMS 0x000000076f100000, 0x000000076f100000| Complete 
| 228|0x000000076f200000, 0x000000076f300000, 0x000000076f300000|100%| E|CS|TAMS 0x000000076f200000, 0x000000076f200000| Complete 
| 229|0x000000076f300000, 0x000000076f400000, 0x000000076f400000|100%| E|CS|TAMS 0x000000076f300000, 0x000000076f300000| Complete 
| 230|0x000000076f400000, 0x000000076f500000, 0x000000076f500000|100%| E|CS|TAMS 0x000000076f400000, 0x000000076f400000| Complete 

Card table byte_map: [0x00000225aa5c0000,0x00000225aaac0000] _byte_map_base: 0x00000225a6ab9000

Marking Bits (Prev, Next): (CMBitMap*) 0x0000022593a2e3e0, (CMBitMap*) 0x0000022593a2e3a8
 Prev Bits: [0x00000225ad790000, 0x00000225aff58000)
 Next Bits: [0x00000225aafc0000, 0x00000225ad788000)

Polling page: 0x00000225917d0000

Metaspace:

Usage:
  Non-class:     70.91 MB capacity,    69.70 MB ( 98%) used,   966.80 KB (  1%) free+waste,   271.25 KB ( <1%) overhead. 
      Class:     10.27 MB capacity,     9.48 MB ( 92%) used,   690.64 KB (  7%) free+waste,   123.06 KB (  1%) overhead. 
       Both:     81.18 MB capacity,    79.18 MB ( 98%) used,     1.62 MB (  2%) free+waste,   394.31 KB ( <1%) overhead. 

Virtual space:
  Non-class space:       72.00 MB reserved,      70.96 MB ( 99%) committed 
      Class space:        1.00 GB reserved,      10.38 MB (  1%) committed 
             Both:        1.07 GB reserved,      81.34 MB (  7%) committed 

Chunk freelists:
   Non-Class:  6.25 KB
       Class:  0 bytes
        Both:  6.25 KB

CodeHeap 'non-profiled nmethods': size=120064Kb used=10358Kb max_used=10861Kb free=109705Kb
 bounds [0x00000225a2b80000, 0x00000225a3620000, 0x00000225aa0c0000]
CodeHeap 'profiled nmethods': size=120000Kb used=27567Kb max_used=30192Kb free=92432Kb
 bounds [0x000002259b650000, 0x000002259d3f0000, 0x00000225a2b80000]
CodeHeap 'non-nmethods': size=5696Kb used=1250Kb max_used=1318Kb free=4445Kb
 bounds [0x000002259b0c0000, 0x000002259b330000, 0x000002259b650000]
 total_blobs=13652 nmethods=13035 adapters=527
 compilation: enabled
              stopped_count=0, restarted_count=0
 full_count=0

Compilation events (10 events):
Event: 158.222 Thread 0x00000225b2963000 nmethod 14693 0x00000225a2cd1b90 code [0x00000225a2cd1d20, 0x00000225a2cd1e98]
Event: 158.814 Thread 0x00000225b2963000 14694       4       org.hibernate.loader.plan.exec.process.internal.ResultSetProcessorImpl::extractResults (67 bytes)
Event: 159.100 Thread 0x00000225b2963000 nmethod 14694 0x00000225a2d2d690 code [0x00000225a2d2de40, 0x00000225a2d34ef0]
Event: 159.100 Thread 0x00000225b2963000 14695       4       org.hibernate.event.spi.LoadEvent::<init> (16 bytes)
Event: 159.101 Thread 0x00000225b2963000 nmethod 14695 0x00000225a2cafd10 code [0x00000225a2cafea0, 0x00000225a2caff48]
Event: 159.101 Thread 0x00000225b2963000 14696   !   4       org.springframework.orm.jpa.JpaTransactionManager::doBegin (425 bytes)
Event: 159.164 Thread 0x00000225b2963000 nmethod 14696 0x00000225a2d08410 code [0x00000225a2d08860, 0x00000225a2d0b0e8]
Event: 159.359 Thread 0x00000225b2963000 14697       4       java.lang.Integer::toString (55 bytes)
Event: 159.368 Thread 0x00000225b2963000 nmethod 14697 0x00000225a2cd1190 code [0x00000225a2cd1320, 0x00000225a2cd1978]
Event: 159.460 Thread 0x00000225b2963000 14698       4       org.springframework.web.cors.DefaultCorsProcessor::processRequest (163 bytes)

GC Heap History (10 events):
Event: 129.814 GC heap before
{Heap before GC invocations=22 (full 0):
 garbage-first heap   total 236544K, used 167424K [0x0000000760e00000, 0x0000000800000000)
  region size 1024K, 138 young (141312K), 7 survivors (7168K)
 Metaspace       used 81071K, capacity 83132K, committed 83288K, reserved 1122304K
  class space    used 9703K, capacity 10518K, committed 10624K, reserved 1048576K
}
Event: 129.830 GC heap after
{Heap after GC invocations=23 (full 0):
 garbage-first heap   total 236544K, used 33280K [0x0000000760e00000, 0x0000000800000000)
  region size 1024K, 7 young (7168K), 7 survivors (7168K)
 Metaspace       used 81071K, capacity 83132K, committed 83288K, reserved 1122304K
  class space    used 9703K, capacity 10518K, committed 10624K, reserved 1048576K
}
Event: 137.515 GC heap before
{Heap before GC invocations=23 (full 0):
 garbage-first heap   total 236544K, used 166400K [0x0000000760e00000, 0x0000000800000000)
  region size 1024K, 138 young (141312K), 7 survivors (7168K)
 Metaspace       used 81072K, capacity 83132K, committed 83288K, reserved 1122304K
  class space    used 9703K, capacity 10518K, committed 10624K, reserved 1048576K
}
Event: 137.531 GC heap after
{Heap after GC invocations=24 (full 0):
 garbage-first heap   total 236544K, used 33280K [0x0000000760e00000, 0x0000000800000000)
  region size 1024K, 7 young (7168K), 7 survivors (7168K)
 Metaspace       used 81072K, capacity 83132K, committed 83288K, reserved 1122304K
  class space    used 9703K, capacity 10518K, committed 10624K, reserved 1048576K
}
Event: 144.622 GC heap before
{Heap before GC invocations=24 (full 0):
 garbage-first heap   total 236544K, used 167424K [0x0000000760e00000, 0x0000000800000000)
  region size 1024K, 138 young (141312K), 7 survivors (7168K)
 Metaspace       used 81076K, capacity 83132K, committed 83288K, reserved 1122304K
  class space    used 9703K, capacity 10518K, committed 10624K, reserved 1048576K
}
Event: 144.639 GC heap after
{Heap after GC invocations=25 (full 0):
 garbage-first heap   total 236544K, used 33280K [0x0000000760e00000, 0x0000000800000000)
  region size 1024K, 7 young (7168K), 7 survivors (7168K)
 Metaspace       used 81076K, capacity 83132K, committed 83288K, reserved 1122304K
  class space    used 9703K, capacity 10518K, committed 10624K, reserved 1048576K
}
Event: 152.018 GC heap before
{Heap before GC invocations=25 (full 0):
 garbage-first heap   total 236544K, used 166400K [0x0000000760e00000, 0x0000000800000000)
  region size 1024K, 138 young (141312K), 7 survivors (7168K)
 Metaspace       used 81076K, capacity 83132K, committed 83288K, reserved 1122304K
  class space    used 9704K, capacity 10518K, committed 10624K, reserved 1048576K
}
Event: 152.036 GC heap after
{Heap after GC invocations=26 (full 0):
 garbage-first heap   total 236544K, used 33792K [0x0000000760e00000, 0x0000000800000000)
  region size 1024K, 7 young (7168K), 7 survivors (7168K)
 Metaspace       used 81076K, capacity 83132K, committed 83288K, reserved 1122304K
  class space    used 9704K, capacity 10518K, committed 10624K, reserved 1048576K
}
Event: 156.897 GC heap before
{Heap before GC invocations=26 (full 0):
 garbage-first heap   total 236544K, used 167936K [0x0000000760e00000, 0x0000000800000000)
  region size 1024K, 138 young (141312K), 7 survivors (7168K)
 Metaspace       used 81076K, capacity 83132K, committed 83288K, reserved 1122304K
  class space    used 9704K, capacity 10518K, committed 10624K, reserved 1048576K
}
Event: 156.913 GC heap after
{Heap after GC invocations=27 (full 0):
 garbage-first heap   total 236544K, used 33280K [0x0000000760e00000, 0x0000000800000000)
  region size 1024K, 7 young (7168K), 7 survivors (7168K)
 Metaspace       used 81076K, capacity 83132K, committed 83288K, reserved 1122304K
  class space    used 9704K, capacity 10518K, committed 10624K, reserved 1048576K
}

Deoptimization events (10 events):
Event: 106.099 Thread 0x00000225b6291000 Uncommon trap: reason=class_check action=maybe_recompile pc=0x00000225a33d7688 method=java.util.Collections$3.hasMoreElements()Z @ 4 c2
Event: 106.102 Thread 0x00000225b833b000 Uncommon trap: reason=class_check action=maybe_recompile pc=0x00000225a33d7688 method=java.util.Collections$3.hasMoreElements()Z @ 4 c2
Event: 106.155 Thread 0x00000225b32c3000 Uncommon trap: reason=class_check action=maybe_recompile pc=0x00000225a33d7688 method=java.util.Collections$3.hasMoreElements()Z @ 4 c2
Event: 106.171 Thread 0x00000225b8339800 Uncommon trap: reason=class_check action=maybe_recompile pc=0x00000225a33d7688 method=java.util.Collections$3.hasMoreElements()Z @ 4 c2
Event: 112.217 Thread 0x00000225b833c800 Uncommon trap: reason=unstable_if action=reinterpret pc=0x00000225a2c53ff0 method=java.lang.ThreadLocal$ThreadLocalMap.expungeStaleEntry(I)I @ 100 c2
Event: 112.217 Thread 0x00000225b7e26000 Uncommon trap: reason=unstable_if action=reinterpret pc=0x00000225a2c53ff0 method=java.lang.ThreadLocal$ThreadLocalMap.expungeStaleEntry(I)I @ 100 c2
Event: 113.405 Thread 0x00000225b8337000 Uncommon trap: reason=unstable_if action=reinterpret pc=0x00000225a30e9608 method=java.lang.ThreadLocal$ThreadLocalMap.expungeStaleEntry(I)I @ 100 c2
Event: 129.840 Thread 0x00000225b7e26000 Uncommon trap: reason=null_check action=make_not_entrant pc=0x00000225a3426748 method=org.springframework.util.ConcurrentReferenceHashMap$WeakEntryReference.get()Lorg/springframework/util/ConcurrentReferenceHashMap$Entry; @ 4 c2
Event: 129.840 Thread 0x00000225b7e26000 Uncommon trap: reason=unstable_if action=reinterpret pc=0x00000225a2d0d55c method=org.springframework.util.ConcurrentReferenceHashMap$Segment.findInChain(Lorg/springframework/util/ConcurrentReferenceHashMap$Reference;Ljava/lang/Object;I)Lorg/springframewo
Event: 151.309 Thread 0x00000225b833d800 Uncommon trap: reason=unstable_if action=reinterpret pc=0x00000225a35aa620 method=org.apache.tomcat.util.net.NioEndpoint$Poller.timeout(IZ)V @ 18 c2

Classes redefined (0 events):
No events

Internal exceptions (10 events):
Event: 70.597 Thread 0x00000225b32c3000 Exception <a 'java/lang/NoClassDefFoundError'{0x00000007697c5348}: sun/reflect/Reflection> (0x00000007697c5348) thrown at [./open/src/hotspot/share/classfile/systemDictionary.cpp, line 215]
Event: 76.034 Thread 0x00000225b833b000 Implicit null exception at 0x00000225a3080d4f to 0x00000225a3080f20
Event: 84.456 Thread 0x00000225b8339800 Implicit null exception at 0x00000225a31b6b57 to 0x00000225a31b6e50
Event: 84.549 Thread 0x00000225b32c2800 Implicit null exception at 0x00000225a31bb13b to 0x00000225a31bb46c
Event: 98.129 Thread 0x00000225b7e26000 Implicit null exception at 0x00000225a2bbc42b to 0x00000225a2bbc6d4
Event: 98.236 Thread 0x00000225b6291000 Implicit null exception at 0x00000225a2bab3a7 to 0x00000225a2babed4
Event: 98.238 Thread 0x00000225b6291000 Implicit null exception at 0x00000225a2bab3a7 to 0x00000225a2babed4
Event: 98.255 Thread 0x00000225b833a000 Implicit null exception at 0x00000225a2bab3a7 to 0x00000225a2babed4
Event: 98.256 Thread 0x00000225b833a000 Implicit null exception at 0x00000225a2bab3a7 to 0x00000225a2babed4
Event: 129.840 Thread 0x00000225b7e26000 Implicit null exception at 0x00000225a34266d6 to 0x00000225a342673c

Events (10 events):
Event: 156.897 Executing VM operation: G1CollectForAllocation
Event: 156.913 Executing VM operation: G1CollectForAllocation done
Event: 158.252 Executing VM operation: RevokeBias
Event: 158.254 Executing VM operation: RevokeBias done
Event: 158.284 Executing VM operation: RevokeBias
Event: 158.284 Executing VM operation: RevokeBias done
Event: 159.121 Executing VM operation: BulkRevokeBias
Event: 159.122 Executing VM operation: BulkRevokeBias done
Event: 159.255 Executing VM operation: RevokeBias
Event: 159.256 Executing VM operation: RevokeBias done


Dynamic libraries:
0x00007ff7a7dd0000 - 0x00007ff7a7de0000 	C:\Program Files\Java\jdk-11\bin\java.exe
0x00007ff8e7470000 - 0x00007ff8e7668000 	C:\Windows\SYSTEM32\ntdll.dll
0x00007ff8e7090000 - 0x00007ff8e714d000 	C:\Windows\System32\KERNEL32.DLL
0x00007ff8e4cf0000 - 0x00007ff8e4fe6000 	C:\Windows\System32\KERNELBASE.dll
0x00007ff8e5340000 - 0x00007ff8e5440000 	C:\Windows\System32\ucrtbase.dll
0x00007ff8e00e0000 - 0x00007ff8e00f8000 	C:\Program Files\Java\jdk-11\bin\jli.dll
0x00007ff8e2330000 - 0x00007ff8e234b000 	C:\Program Files\Java\jdk-11\bin\VCRUNTIME140.dll
0x00007ff8e6560000 - 0x00007ff8e660f000 	C:\Windows\System32\ADVAPI32.dll
0x00007ff8e6860000 - 0x00007ff8e68fe000 	C:\Windows\System32\msvcrt.dll
0x00007ff8e6dc0000 - 0x00007ff8e6e5c000 	C:\Windows\System32\sechost.dll
0x00007ff8e6610000 - 0x00007ff8e6736000 	C:\Windows\System32\RPCRT4.dll
0x00007ff8e5aa0000 - 0x00007ff8e5c3e000 	C:\Windows\System32\USER32.dll
0x00007ff8e4cc0000 - 0x00007ff8e4ce2000 	C:\Windows\System32\win32u.dll
0x00007ff8d4830000 - 0x00007ff8d4aca000 	C:\Windows\WinSxS\amd64_microsoft.windows.common-controls_6595b64144ccf1df_6.0.19041.3636_none_60b6a03d71f818d5\COMCTL32.dll
0x00007ff8e5de0000 - 0x00007ff8e5e0c000 	C:\Windows\System32\GDI32.dll
0x00007ff8e4ba0000 - 0x00007ff8e4cba000 	C:\Windows\System32\gdi32full.dll
0x00007ff8e5060000 - 0x00007ff8e50fd000 	C:\Windows\System32\msvcp_win.dll
0x00007ff8dcd80000 - 0x00007ff8dcd8a000 	C:\Windows\SYSTEM32\VERSION.dll
0x00007ff8e6f80000 - 0x00007ff8e6fb0000 	C:\Windows\System32\IMM32.DLL
0x00007ff8e07f0000 - 0x00007ff8e07fc000 	C:\Program Files\Java\jdk-11\bin\vcruntime140_1.dll
0x00007ff8bf8f0000 - 0x00007ff8bf97e000 	C:\Program Files\Java\jdk-11\bin\msvcp140.dll
0x00007ff8bfb10000 - 0x00007ff8c0678000 	C:\Program Files\Java\jdk-11\bin\server\jvm.dll
0x00007ff8e5c40000 - 0x00007ff8e5c48000 	C:\Windows\System32\PSAPI.DLL
0x00007ff8d04f0000 - 0x00007ff8d04f9000 	C:\Windows\SYSTEM32\WSOCK32.dll
0x00007ff8dcd50000 - 0x00007ff8dcd77000 	C:\Windows\SYSTEM32\WINMM.dll
0x00007ff8e6d50000 - 0x00007ff8e6dbb000 	C:\Windows\System32\WS2_32.dll
0x00007ff8e2a10000 - 0x00007ff8e2a22000 	C:\Windows\SYSTEM32\kernel.appcore.dll
0x00007ff8e0610000 - 0x00007ff8e0620000 	C:\Program Files\Java\jdk-11\bin\verify.dll
0x00007ff8da560000 - 0x00007ff8da744000 	C:\Windows\SYSTEM32\DBGHELP.DLL
0x00007ff8d0cf0000 - 0x00007ff8d0d24000 	C:\Windows\SYSTEM32\dbgcore.DLL
0x00007ff8e5440000 - 0x00007ff8e54c2000 	C:\Windows\System32\bcryptPrimitives.dll
0x00007ff8df6c0000 - 0x00007ff8df6e8000 	C:\Program Files\Java\jdk-11\bin\java.dll
0x00007ff8d9900000 - 0x00007ff8d990a000 	C:\Program Files\Java\jdk-11\bin\jimage.dll
0x00007ff8d3810000 - 0x00007ff8d3827000 	C:\Program Files\Java\jdk-11\bin\zip.dll
0x00007ff8e5e10000 - 0x00007ff8e6554000 	C:\Windows\System32\SHELL32.dll
0x00007ff8e2c10000 - 0x00007ff8e33ab000 	C:\Windows\SYSTEM32\windows.storage.dll
0x00007ff8e6990000 - 0x00007ff8e6ce4000 	C:\Windows\System32\combase.dll
0x00007ff8e44c0000 - 0x00007ff8e44ed000 	C:\Windows\SYSTEM32\Wldp.dll
0x00007ff8e67b0000 - 0x00007ff8e685d000 	C:\Windows\System32\SHCORE.dll
0x00007ff8e7220000 - 0x00007ff8e7275000 	C:\Windows\System32\shlwapi.dll
0x00007ff8e4a80000 - 0x00007ff8e4aa5000 	C:\Windows\SYSTEM32\profapi.dll
0x00007ff8d37f0000 - 0x00007ff8d3809000 	C:\Program Files\Java\jdk-11\bin\net.dll
0x00007ff8dd9d0000 - 0x00007ff8ddada000 	C:\Windows\SYSTEM32\WINHTTP.dll
0x00007ff8e4220000 - 0x00007ff8e428a000 	C:\Windows\system32\mswsock.dll
0x00007ff8d37d0000 - 0x00007ff8d37e2000 	C:\Program Files\Java\jdk-11\bin\nio.dll
0x00007ff8d98f0000 - 0x00007ff8d98f9000 	C:\Program Files\Java\jdk-11\bin\management.dll
0x00007ff8d92c0000 - 0x00007ff8d92cb000 	C:\Program Files\Java\jdk-11\bin\management_ext.dll
0x00007ff8cd8d0000 - 0x00007ff8cd8e7000 	C:\Windows\system32\napinsp.dll
0x00007ff8cd280000 - 0x00007ff8cd29b000 	C:\Windows\system32\pnrpnsp.dll
0x00007ff8e3f50000 - 0x00007ff8e401a000 	C:\Windows\SYSTEM32\DNSAPI.dll
0x00007ff8e3f10000 - 0x00007ff8e3f4b000 	C:\Windows\SYSTEM32\IPHLPAPI.DLL
0x00007ff8e54d0000 - 0x00007ff8e54d8000 	C:\Windows\System32\NSI.dll
0x00007ff8e0510000 - 0x00007ff8e052d000 	C:\Windows\system32\NLAapi.dll
0x00007ff8cd260000 - 0x00007ff8cd272000 	C:\Windows\System32\winrnr.dll
0x00007ff8df610000 - 0x00007ff8df625000 	C:\Windows\system32\wshbth.dll
0x00007ff8d8630000 - 0x00007ff8d863a000 	C:\Windows\System32\rasadhlp.dll
0x00007ff8d8940000 - 0x00007ff8d89c0000 	C:\Windows\System32\fwpuclnt.dll
0x00007ff8e5260000 - 0x00007ff8e5287000 	C:\Windows\System32\bcrypt.dll
0x00007ff8e4420000 - 0x00007ff8e4438000 	C:\Windows\SYSTEM32\CRYPTSP.dll
0x00007ff8e3b50000 - 0x00007ff8e3b84000 	C:\Windows\system32\rsaenh.dll
0x00007ff8e4a40000 - 0x00007ff8e4a6e000 	C:\Windows\SYSTEM32\USERENV.dll
0x00007ff8e4410000 - 0x00007ff8e441c000 	C:\Windows\SYSTEM32\CRYPTBASE.dll
0x00007ff8da860000 - 0x00007ff8da877000 	C:\Windows\SYSTEM32\dhcpcsvc6.DLL
0x00007ff8dca50000 - 0x00007ff8dca6d000 	C:\Windows\SYSTEM32\dhcpcsvc.DLL
0x00007ff8d3790000 - 0x00007ff8d379d000 	C:\Program Files\Java\jdk-11\bin\sunmscapi.dll
0x00007ff8e5100000 - 0x00007ff8e525d000 	C:\Windows\System32\CRYPT32.dll
0x00007ff8e4530000 - 0x00007ff8e4557000 	C:\Windows\SYSTEM32\ncrypt.dll
0x00007ff8e44f0000 - 0x00007ff8e452b000 	C:\Windows\SYSTEM32\NTASN1.dll
0x00007ff8d3030000 - 0x00007ff8d3057000 	C:\Program Files\Java\jdk-11\bin\sunec.dll

dbghelp: loaded successfully - version: 4.0.5 - missing functions: none
symbol engine: initialized successfully - sym options: 0x614 - pdb path: .;C:\Program Files\Java\jdk-11\bin;C:\Windows\SYSTEM32;C:\Windows\WinSxS\amd64_microsoft.windows.common-controls_6595b64144ccf1df_6.0.19041.3636_none_60b6a03d71f818d5;C:\Program Files\Java\jdk-11\bin\server

VM Arguments:
java_command: com.ternak.sapi.TernakSapiApplication
java_class_path (initial): E:\Myfile\Magang Maching Fund\backend_ternakSapi_test_5\kembaliSelesai_ternak_sapi\backend_ternak_sapi\target\classes;C:\Users\ASUS\.m2\repository\org\springframework\boot\spring-boot-starter-data-jpa\2.7.3\spring-boot-starter-data-jpa-2.7.3.jar;C:\Users\ASUS\.m2\repository\org\springframework\boot\spring-boot-starter-aop\2.7.3\spring-boot-starter-aop-2.7.3.jar;C:\Users\ASUS\.m2\repository\org\aspectj\aspectjweaver\1.9.7\aspectjweaver-1.9.7.jar;C:\Users\ASUS\.m2\repository\org\springframework\boot\spring-boot-starter-jdbc\2.7.3\spring-boot-starter-jdbc-2.7.3.jar;C:\Users\ASUS\.m2\repository\com\zaxxer\HikariCP\4.0.3\HikariCP-4.0.3.jar;C:\Users\ASUS\.m2\repository\org\springframework\spring-jdbc\5.3.22\spring-jdbc-5.3.22.jar;C:\Users\ASUS\.m2\repository\jakarta\transaction\jakarta.transaction-api\1.3.3\jakarta.transaction-api-1.3.3.jar;C:\Users\ASUS\.m2\repository\jakarta\persistence\jakarta.persistence-api\2.2.3\jakarta.persistence-api-2.2.3.jar;C:\Users\ASUS\.m2\repository\org\hibernate\hibernate-core\5.6.10.Final\hibernate-core-5.6.10.Final.jar;C:\Users\ASUS\.m2\repository\org\jboss\logging\jboss-logging\3.4.3.Final\jboss-logging-3.4.3.Final.jar;C:\Users\ASUS\.m2\repository\net\bytebuddy\byte-buddy\1.12.13\byte-buddy-1.12.13.jar;C:\Users\ASUS\.m2\repository\antlr\antlr\2.7.7\antlr-2.7.7.jar;C:\Users\ASUS\.m2\repository\org\jboss\jandex\2.4.2.Final\jandex-2.4.2.Final.jar;C:\Users\ASUS\.m2\repository\com\fasterxml\classmate\1.5.1\classmate-1.5.1.jar;C:\Users\ASUS\.m2\repository\org\hibernate\common\hibernate-commons-annotations\5.1.2.Final\hibernate-commons-annotations-5.1.2.Final.jar;C:\Users\ASUS\.m2\repository\org\glassfish\jaxb\jaxb-runtime\2.3.6\jaxb-runtime-2.3.6.jar;C:\Users\ASUS\.m2\repository\org\glassfish\jaxb\txw2\2.3.6\txw2-2.3.6.jar;C:\Users\ASUS\.m2\repository\com\sun\istack\istack-commons-runtime\3.0.12\istack-commons-runtime-3.0.12.jar;C:\Users\ASUS\.m2\repository\com\sun\activation\jakarta.activation\1.2.2\jakarta.activa
Launcher Type: SUN_STANDARD

[Global flags]
     intx CICompilerCount                          = 2                                         {product} {ergonomic}
     uint ConcGCThreads                            = 1                                         {product} {ergonomic}
     uint G1ConcRefinementThreads                  = 2                                         {product} {ergonomic}
   size_t G1HeapRegionSize                         = 1048576                                   {product} {ergonomic}
    uintx GCDrainStackTargetSize                   = 64                                        {product} {ergonomic}
   size_t InitialHeapSize                          = 167772160                                 {product} {ergonomic}
   size_t MarkStackSize                            = 4194304                                   {product} {ergonomic}
   size_t MaxHeapSize                              = 2669674496                                {product} {ergonomic}
   size_t MaxNewSize                               = 1601175552                                {product} {ergonomic}
   size_t MinHeapDeltaBytes                        = 1048576                                   {product} {ergonomic}
    uintx NonNMethodCodeHeapSize                   = 5825164                                {pd product} {ergonomic}
    uintx NonProfiledCodeHeapSize                  = 122916538                              {pd product} {ergonomic}
    uintx ProfiledCodeHeapSize                     = 122916538                              {pd product} {ergonomic}
    uintx ReservedCodeCacheSize                    = 251658240                              {pd product} {ergonomic}
     bool SegmentedCodeCache                       = true                                      {product} {ergonomic}
     bool UseCompressedClassPointers               = true                                 {lp64_product} {ergonomic}
     bool UseCompressedOops                        = true                                 {lp64_product} {ergonomic}
     bool UseG1GC                                  = true                                      {product} {ergonomic}
     bool UseLargePagesIndividualAllocation        = false                                  {pd product} {ergonomic}

Logging:
Log output configuration:
 #0: stdout all=warning uptime,level,tags
 #1: stderr all=off uptime,level,tags

Environment Variables:
JAVA_HOME=C:\Program Files\Java\jdk-11
PATH=C:\Program Files\Common Files\Oracle\Java\javapath;C:\Windows\system32;C:\Windows;C:\Windows\System32\Wbem;C:\Windows\System32\WindowsPowerShell\v1.0\;C:\Windows\System32\OpenSSH\;C:\Program Files\Java\jdk-11\bin;C:\Program Files\dotnet\;C:\Users\ASUS\AppData\Roaming\nvm;C:\Program Files\nodejs;C:\Users\ASUS\AppData\Local\Microsoft\WindowsApps;E:\Program file\Microsoft VS Code\bin;C:\Program Files\Azure Data Studio\bin;C:\Users\ASUS\AppData\Roaming\nvm;C:\Program Files\nodejs;C:\Users\ASUS\AppData\Local\GitHubDesktop\bin
USERNAME=ASUS
OS=Windows_NT
PROCESSOR_IDENTIFIER=AMD64 Family 23 Model 24 Stepping 1, AuthenticAMD



---------------  S Y S T E M  ---------------

OS: Windows 10 , 64 bit Build 19041 (10.0.19041.3636)

CPU:total 2 (initial active 2) (2 cores per cpu, 1 threads per core) family 23 model 24 stepping 1 microcode 0x0, cmov, cx8, fxsr, mmx, sse, sse2, sse3, ssse3, sse4.1, sse4.2, popcnt, avx, avx2, aes, clmul, mmxext, 3dnowpref, lzcnt, sse4a, tsc, tscinvbit, tscinv, bmi1, bmi2, adx, sha, 

Memory: 4k page, system-wide physical 10177M (1470M free)
TotalPageFile size 21295M (AvailPageFile size 1M)
current process WorkingSet (physical memory assigned to process): 402M, peak: 419M
current process commit charge ("private bytes"): 476M, peak: 494M

vm_info: Java HotSpot(TM) 64-Bit Server VM (11.0.18+9-LTS-195) for windows-amd64 JRE (11.0.18+9-LTS-195), built on Dec  6 2022 15:50:58 by "mach5one" with MS VC++ 17.1 (VS2022)

END.
